############## XBMC CRASH LOG ###############

################ SYSTEM INFO ################
 Date: mié mar  4 14:42:33 WIB 2015
 XBMC Options: 
 Arch: armv7l
 Kernel: Linux 3.8.13.28 #1 SMP PREEMPT Fri Oct 31 00:21:06 UTC 2014
 Release: Ubuntu 14.04.1 LTS, Trusty Tahr
############## END SYSTEM INFO ##############

############### STACK TRACE #################
=====>  Core file: /home/odroid/core (2015-03-04 14:42:29.586365213 +0700)
        =========================================
[New LWP 3072]
[New LWP 3156]
[New LWP 3165]
[New LWP 3155]
[Thread debugging using libthread_db enabled]
Using host libthread_db library "/lib/arm-linux-gnueabihf/libthread_db.so.1".
Core was generated by `/usr/local/lib/xbmc/xbmc.bin'.
Program terminated with signal SIGSEGV, Segmentation fault.
#0  0xb6224740 in XSync () from /usr/lib/arm-linux-gnueabihf/libX11.so.6

Thread 4 (Thread 0xab2fe420 (LWP 3155)):
#0  0xb5f95a24 in ioctl () at ../sysdeps/unix/syscall-template.S:81
#1  0xb6a8fcb2 in mali_driver_ioctl () from /usr/lib/arm-linux-gnueabihf/mali-egl/libGLESv2.so.2
#2  0xb6a8ffb0 in arch_worker_thread () from /usr/lib/arm-linux-gnueabihf/mali-egl/libGLESv2.so.2
#3  0xb6b4cfbc in start_thread (arg=0xab2fe420) at pthread_create.c:314
#4  0xb5f9a97c in ?? () at ../ports/sysdeps/unix/sysv/linux/arm/nptl/../clone.S:92 from /lib/arm-linux-gnueabihf/libc.so.6
Backtrace stopped: previous frame identical to this frame (corrupt stack?)

Thread 3 (Thread 0xa767a420 (LWP 3165)):
#0  0xb5f91b60 in poll () at ../sysdeps/unix/syscall-template.S:81
#1  0xb6ed35fa in ?? () from /usr/lib/arm-linux-gnueabihf/libavahi-common.so.3
Backtrace stopped: previous frame identical to this frame (corrupt stack?)

Thread 2 (Thread 0xb4207b40 (LWP 3156)):
#0  __libc_do_syscall () at ../ports/sysdeps/unix/sysv/linux/arm/libc-do-syscall.S:44
#1  0xb5efcc02 in timer_helper_thread (arg=<optimized out>) at ../nptl/sysdeps/unix/sysv/linux/timer_routines.c:92
#2  0xb6b4cfbc in start_thread (arg=0xb4207b40) at pthread_create.c:314
#3  0xb5f9a97c in ?? () at ../ports/sysdeps/unix/sysv/linux/arm/nptl/../clone.S:92 from /lib/arm-linux-gnueabihf/libc.so.6
Backtrace stopped: previous frame identical to this frame (corrupt stack?)

Thread 1 (Thread 0xb4c57000 (LWP 3072)):
#0  0xb6224740 in XSync () from /usr/lib/arm-linux-gnueabihf/libX11.so.6
#1  0xb63494fc in ?? () from /usr/lib/arm-linux-gnueabihf/libSDL-1.2.so.0
Backtrace stopped: previous frame identical to this frame (corrupt stack?)
############# END STACK TRACE ###############

################# LOG FILE ##################

﻿14:36:56 T:3032838144  NOTICE: special://profile/ is mapped to: special://masterprofile/
14:36:56 T:3032838144  NOTICE: -----------------------------------------------------------------------
14:36:56 T:3032838144  NOTICE: Starting XBMC (13.2-BETA3 Git:20140803-23f8957). Platform: ARM (Thumb) Linux 32-bit
14:36:56 T:3032838144  NOTICE: Using Release XBMC x32 build, compiled Aug  3 2014 by GCC 4.8.2 for ARM (Thumb) Linux 32-bit 3.13.11
14:36:56 T:3032838144  NOTICE: Running on Linux 32-bit (Ubuntu 14.04.1 LTS, 3.8.13.28 armv7l)
14:36:56 T:3032838144  NOTICE: Host CPU: ARMv7 Processor rev 0 (v7l), 4 cores available
14:36:56 T:3032838144  NOTICE: ARM Features: Neon enabled
14:36:56 T:3032838144  NOTICE: special://xbmc/ is mapped to: /usr/local/share/xbmc
14:36:56 T:3032838144  NOTICE: special://xbmcbin/ is mapped to: /usr/local/lib/xbmc
14:36:56 T:3032838144  NOTICE: special://masterprofile/ is mapped to: /home/odroid/.xbmc/userdata
14:36:56 T:3032838144  NOTICE: special://home/ is mapped to: /home/odroid/.xbmc
14:36:56 T:3032838144  NOTICE: special://temp/ is mapped to: /home/odroid/.xbmc/temp
14:36:56 T:3032838144  NOTICE: The executable running is: /usr/local/lib/xbmc/xbmc.bin
14:36:56 T:3032838144  NOTICE: Local hostname: odroid
14:36:56 T:3032838144  NOTICE: Log File is located: /home/odroid/.xbmc/temp/xbmc.log
14:36:56 T:3032838144  NOTICE: -----------------------------------------------------------------------
14:36:56 T:3032838144  NOTICE: load settings...
14:36:56 T:3032838144  NOTICE: Found 1 Lists of Devices
14:36:56 T:3032838144  NOTICE: Enumerated PULSE devices:
14:36:56 T:3032838144  NOTICE:     Device 1
14:36:56 T:3032838144  NOTICE:         m_deviceName      : Default
14:36:56 T:3032838144  NOTICE:         m_displayName     : Default
14:36:56 T:3032838144  NOTICE:         m_displayNameExtra: Default Output Device (PULSEAUDIO)
14:36:56 T:3032838144  NOTICE:         m_deviceType      : AE_DEVTYPE_PCM
14:36:56 T:3032838144  NOTICE:         m_channels        : FL,FR
14:36:56 T:3032838144  NOTICE:         m_sampleRates     : 5512,8000,11025,16000,22050,32000,44100,48000,64000,88200,96000,176400,192000,384000
14:36:56 T:3032838144  NOTICE:         m_dataFormats     : AE_FMT_U8,AE_FMT_S16LE,AE_FMT_S16BE,AE_FMT_S16NE,AE_FMT_S24LE3,AE_FMT_S24BE3,AE_FMT_S24NE3,AE_FMT_S24LE4,AE_FMT_S24BE4,AE_FMT_S24NE4,AE_FMT_S32BE,AE_FMT_S32LE,AE_FMT_S32NE,AE_FMT_FLOAT
14:36:56 T:3032838144  NOTICE:     Device 2
14:36:56 T:3032838144  NOTICE:         m_deviceName      : alsa_output.platform-hkdk-snd-max98090.analog-stereo
14:36:56 T:3032838144  NOTICE:         m_displayName     : Built-in Audio Analog Stereo
14:36:56 T:3032838144  NOTICE:         m_displayNameExtra: Speakers (PULSEAUDIO)
14:36:56 T:3032838144  NOTICE:         m_deviceType      : AE_DEVTYPE_PCM
14:36:56 T:3032838144  NOTICE:         m_channels        : FL,FR
14:36:56 T:3032838144  NOTICE:         m_sampleRates     : 5512,8000,11025,16000,22050,32000,44100,48000,64000,88200,96000,176400,192000,384000
14:36:56 T:3032838144  NOTICE:         m_dataFormats     : AE_FMT_U8,AE_FMT_S16LE,AE_FMT_S16BE,AE_FMT_S16NE,AE_FMT_S24LE3,AE_FMT_S24BE3,AE_FMT_S24NE3,AE_FMT_S24LE4,AE_FMT_S24BE4,AE_FMT_S24NE4,AE_FMT_S32BE,AE_FMT_S32LE,AE_FMT_S32NE,AE_FMT_FLOAT
14:36:56 T:3032838144  NOTICE: No settings file to load (special://xbmc/system/advancedsettings.xml)
14:36:56 T:3032838144  NOTICE: No settings file to load (special://masterprofile/advancedsettings.xml)
14:36:56 T:3032838144  NOTICE: Default DVD Player: dvdplayer
14:36:56 T:3032838144  NOTICE: Default Video Player: dvdplayer
14:36:56 T:3032838144  NOTICE: Default Audio Player: paplayer
14:36:56 T:3032838144  NOTICE: Disabled debug logging due to GUI setting. Level 0.
14:36:56 T:3032838144  NOTICE: Log level changed to 0
14:36:56 T:3032838144  NOTICE: Loading player core factory settings from special://xbmc/system/playercorefactory.xml.
14:36:56 T:3032838144  NOTICE: Loaded playercorefactory configuration
14:36:56 T:3032838144  NOTICE: Loading player core factory settings from special://masterprofile/playercorefactory.xml.
14:36:56 T:3032838144  NOTICE: special://masterprofile/playercorefactory.xml does not exist. Skipping.
14:36:56 T:2965546016  NOTICE: Thread ActiveAE start, auto delete: false
14:36:56 T:3030561824  NOTICE: Thread AESink start, auto delete: false
14:36:56 T:3030561824  NOTICE: PulseAudio: Opened device Default in pcm mode with Buffersize 150 ms
14:36:56 T:3032838144  NOTICE: Running database version Addons16
14:36:57 T:3032838144  NOTICE: ADDONS: Using repository repository.xbmc.org
14:36:57 T:3032838144  NOTICE: Register - new cec device registered on cec->Exynos: CEC Adapter (0000:0000)
14:36:57 T:3010458656  NOTICE: Thread CECAdapter start, auto delete: false
14:36:57 T:3001021472  NOTICE: Thread PeripBusCEC start, auto delete: false
14:36:57 T:2880431136  NOTICE: Thread PeripBusUSBUdev start, auto delete: false
14:36:57 T:3010458656   ERROR: CecLogMessage - Write: write failed ret = ffffffff !
14:36:57 T:3032838144  NOTICE: Setup SDL
14:36:57 T:3032838144  NOTICE: Checking resolution 16
14:36:57 T:3010458656   ERROR: CecLogMessage - Write: write failed ret = ffffffff !
14:36:57 T:3032838144  NOTICE: GL_VENDOR = ARM
14:36:57 T:3032838144  NOTICE: GL_RENDERER = Mali-400 MP
14:36:57 T:3032838144  NOTICE: GL_VERSION = OpenGL ES 2.0
14:36:57 T:3032838144  NOTICE: GL_SHADING_LANGUAGE_VERSION = OpenGL ES GLSL ES 1.00
14:36:57 T:3032838144  NOTICE: GL_EXTENSIONS = GL_OES_texture_npot GL_OES_compressed_ETC1_RGB8_texture GL_OES_standard_derivatives GL_OES_EGL_image GL_OES_depth24 GL_ARM_rgba8 GL_ARM_mali_shader_binary GL_OES_depth_texture GL_OES_packed_depth_stencil GL_EXT_texture_format_BGRA8888 GL_OES_vertex_half_float GL_EXT_blend_minmax GL_OES_EGL_image_external GL_OES_EGL_sync GL_EXT_multisampled_render_to_texture GL_EXT_discard_framebuffer GL_OES_get_program_binary GL_ARM_mali_program_binary GL_EXT_shader_texture_lod GL_EXT_robustness GL_OES_depth_texture_cube_map GL_KHR_debug
14:36:57 T:3010458656   ERROR: CecLogMessage - Write: write failed ret = ffffffff !
14:36:58 T:3032838144 WARNING: EGL: Same window as before, refreshing context
14:36:58 T:3010458656   ERROR: CecLogMessage - Write: write failed ret = ffffffff !
14:36:58 T:3032838144  NOTICE: No Joystick name specified, loading default map
14:36:58 T:3032838144  NOTICE: Previous line repeats 35 times.
14:36:58 T:3032838144  NOTICE: Running database version Addons16
14:36:58 T:3032838144  NOTICE: Running database version ViewModes6
14:36:58 T:3032838144  NOTICE: Running database version Textures13
14:36:58 T:3032838144  NOTICE: Running database version MyMusic46
14:36:58 T:3032838144  NOTICE: Running database version MyVideos78
14:36:58 T:3032838144  NOTICE: Running database version TV22
14:36:58 T:3032838144  NOTICE: Running database version Epg7
14:36:58 T:3032838144  NOTICE: start dvd mediatype detection
14:36:58 T:3012555808  NOTICE: Thread DetectDVDMedia start, auto delete: false
14:36:58 T:3010458656   ERROR: CecLogMessage - Write: write failed ret = ffffffff !
14:36:58 T:3032838144   ERROR: Previous line repeats 1 times.
14:36:58 T:3032838144 WARNING: JSONRPC: Could not parse type "GUI.Property.Value"
14:36:58 T:3032838144 WARNING: JSONRPC: Could not parse type "Setting.Details.SettingList"
14:36:58 T:2852013088  NOTICE: Thread LanguageInvoker start, auto delete: false
14:36:58 T:3032838144  NOTICE: initialize done
14:36:58 T:3032838144  NOTICE: Running the application...
14:36:59 T:3010458656   ERROR: CecLogMessage - Write: write failed ret = ffffffff !
14:36:59 T:2852013088  NOTICE: -->Python Interpreter Initialized<--
14:36:59 T:3010458656   ERROR: CecLogMessage - Write: write failed ret = ffffffff !
14:36:59 T:2833753120  NOTICE: Thread CECAdapterUpdate start, auto delete: false
14:36:59 T:2816975904  NOTICE: Thread JobWorker start, auto delete: true
14:36:59 T:3032838144  NOTICE: starting zeroconf publishing
14:36:59 T:2800198688  NOTICE: Thread JobWorker start, auto delete: true
14:36:59 T:3032838144  NOTICE: ES: Starting event server
14:36:59 T:2791810080  NOTICE: Thread EventServer start, auto delete: false
14:36:59 T:2791810080  NOTICE: ES: Starting UDP Event server on 0.0.0.0:9777
14:36:59 T:2791810080  NOTICE: UDP: Listening on port 9777
14:36:59 T:2783421472  NOTICE: Thread TCPServer start, auto delete: false
14:36:59 T:2775032864  NOTICE: Thread JobWorker start, auto delete: true
14:36:59 T:2982147104   ERROR: CecLogMessage - Write: write failed ret = ffffffff !
14:36:59 T:3012555808  NOTICE: Thread RSSReader start, auto delete: false
14:36:59 T:2982147104   ERROR: CecLogMessage - Write: write failed ret = ffffffff !
14:37:00 T:2732037152   ERROR: Previous line repeats 1 times.
14:37:00 T:2732037152  NOTICE: Thread FileCache start, auto delete: false
14:37:00 T:2833753120   ERROR: CecLogMessage - Write: write failed ret = ffffffff !
14:37:01 T:2732037152   ERROR: Previous line repeats 2 times.
14:37:01 T:2732037152  NOTICE: Thread FileCache start, auto delete: false
14:37:02 T:2833753120   ERROR: CecLogMessage - Write: write failed ret = ffffffff !
14:37:02 T:2732037152  NOTICE: Thread FileCache start, auto delete: false
14:37:02 T:2833753120   ERROR: CecLogMessage - Write: write failed ret = ffffffff !
14:37:06 T:2732037152   ERROR: Previous line repeats 4 times.
14:37:06 T:2732037152  NOTICE: Thread FileCache start, auto delete: false
14:37:06 T:2833753120   ERROR: CecLogMessage - Write: write failed ret = ffffffff !
14:37:13 T:2732037152   ERROR: Previous line repeats 9 times.
14:37:13 T:2732037152  NOTICE: Thread FileCache start, auto delete: false
14:37:14 T:2833753120   ERROR: CecLogMessage - Write: write failed ret = ffffffff !
14:37:14 T:2732037152  NOTICE: Thread FileCache start, auto delete: false
14:37:14 T:2833753120   ERROR: CecLogMessage - Write: write failed ret = ffffffff !
14:37:15 T:2852013088  NOTICE: Thread FileCache start, auto delete: false
14:37:15 T:2833753120   ERROR: CecLogMessage - Write: write failed ret = ffffffff !
14:37:15 T:2852013088  NOTICE: Thread FileCache start, auto delete: false
14:37:15 T:2833753120   ERROR: CecLogMessage - Write: write failed ret = ffffffff !
14:37:16 T:2852013088  NOTICE: Thread FileCache start, auto delete: false
14:37:17 T:2833753120   ERROR: CecLogMessage - Write: write failed ret = ffffffff !
14:37:17 T:2852013088  NOTICE: Thread FileCache start, auto delete: false
14:37:17 T:2833753120   ERROR: CecLogMessage - Write: write failed ret = ffffffff !
14:37:18 T:2852013088  NOTICE: Thread FileCache start, auto delete: false
14:37:18 T:2833753120   ERROR: CecLogMessage - Write: write failed ret = ffffffff !
14:37:18 T:2852013088  NOTICE: Thread FileCache start, auto delete: false
14:37:18 T:2833753120   ERROR: CecLogMessage - Write: write failed ret = ffffffff !
14:37:20 T:2852013088   ERROR: Previous line repeats 1 times.
14:37:20 T:2852013088  NOTICE: Thread FileCache start, auto delete: false
14:37:20 T:2833753120   ERROR: CecLogMessage - Write: write failed ret = ffffffff !
14:37:26 T:2852013088   ERROR: Previous line repeats 7 times.
14:37:26 T:2852013088  NOTICE: Thread JobWorker start, auto delete: true
14:37:26 T:2833753120   ERROR: CecLogMessage - Write: write failed ret = ffffffff !
14:37:38 T:2732037152   ERROR: Previous line repeats 16 times.
14:37:38 T:2732037152  NOTICE: Thread LanguageInvoker start, auto delete: false
14:37:39 T:2732037152  NOTICE: -->Python Interpreter Initialized<--
14:37:39 T:2833753120   ERROR: CecLogMessage - Write: write failed ret = ffffffff !
14:38:58 T:2732037152   ERROR: Previous line repeats 107 times.
14:38:58 T:2732037152  NOTICE: Thread BackgroundLoader start, auto delete: false
14:38:59 T:2833753120   ERROR: CecLogMessage - Write: write failed ret = ffffffff !
14:39:03 T:2732037152   ERROR: Previous line repeats 5 times.
14:39:03 T:2732037152  NOTICE: Thread JobWorker start, auto delete: true
14:39:03 T:2852013088  NOTICE: Thread BackgroundLoader start, auto delete: false
14:39:04 T:2833753120   ERROR: CecLogMessage - Write: write failed ret = ffffffff !
14:39:04 T:2852013088   ERROR: Previous line repeats 1 times.
14:39:04 T:2852013088  NOTICE: Thread BackgroundLoader start, auto delete: false
14:39:05 T:2833753120   ERROR: CecLogMessage - Write: write failed ret = ffffffff !
14:39:06 T:2852013088   ERROR: Previous line repeats 1 times.
14:39:06 T:2852013088  NOTICE: Thread BackgroundLoader start, auto delete: false
14:39:07 T:2833753120   ERROR: CecLogMessage - Write: write failed ret = ffffffff !
14:39:07 T:2852013088   ERROR: Previous line repeats 1 times.
14:39:07 T:2852013088  NOTICE: Thread BackgroundLoader start, auto delete: false
14:39:08 T:2833753120   ERROR: CecLogMessage - Write: write failed ret = ffffffff !
14:42:24 T:3032838144   ERROR: Previous line repeats 263 times.
14:42:24 T:3032838144  NOTICE: Storing total System Uptime
14:42:24 T:3032838144  NOTICE: Saving settings
14:42:24 T:3032838144  NOTICE: stop all
14:42:24 T:3032838144  NOTICE: stop player
14:42:24 T:3032838144  NOTICE: ES: Stopping event server
14:42:24 T:3032838144  NOTICE: stopping zeroconf publishing
14:42:24 T:2791810080  NOTICE: ES: UDP Event server stopped
14:42:24 T:3032838144  NOTICE: stop dvd detect media
14:42:25 T:2833753120   ERROR: CecLogMessage - Write: write failed ret = ffffffff !
14:42:28 T:3032838144   ERROR: Previous line repeats 5 times.
14:42:28 T:3032838144  NOTICE: stop sap announcement listener
14:42:28 T:3032838144  NOTICE: clean cached files!
14:42:28 T:3032838144  NOTICE: unload skin
14:42:28 T:3032838144  NOTICE: stopped
14:42:28 T:3032838144  NOTICE: destroy
14:42:28 T:3032838144  NOTICE: closing down remote control service
14:42:28 T:3032838144  NOTICE: unload sections
14:42:28 T:3032838144  NOTICE: special://profile/ is mapped to: special://masterprofile/
14:42:29 T:3032838144  NOTICE: destroy
14:42:29 T:3032838144 WARNING: Attempted to remove window 10013 from the window manager when it didn't exist
14:42:29 T:3032838144 WARNING: Attempted to remove window 10014 from the window manager when it didn't exist
14:42:29 T:3032838144 WARNING: Attempted to remove window 10015 from the window manager when it didn't exist
14:42:29 T:3032838144 WARNING: Attempted to remove window 10016 from the window manager when it didn't exist
14:42:29 T:3032838144 WARNING: Attempted to remove window 10017 from the window manager when it didn't exist
14:42:29 T:3032838144 WARNING: Attempted to remove window 10018 from the window manager when it didn't exist
14:42:29 T:3032838144 WARNING: Attempted to remove window 10019 from the window manager when it didn't exist
14:42:29 T:3032838144 WARNING: Attempted to remove window 10021 from the window manager when it didn't exist
14:42:29 T:3032838144 WARNING: Attempted to remove window 10107 from the window manager when it didn't exist
14:42:29 T:3032838144 WARNING: Attempted to remove window 10115 from the window manager when it didn't exist
14:42:29 T:3032838144 WARNING: Attempted to remove window 10104 from the window manager when it didn't exist
14:42:29 T:3032838144  NOTICE: closing down remote control service
14:42:29 T:3032838144  NOTICE: unload sections
14:42:29 T:3032838144  NOTICE: application stopped...


############### END LOG FILE ################

############ END XBMC CRASH LOG #############
